  [1m[35m (0.0ms)[0m  [1m[34mSELECT sqlite_version(*)[0m
  [1m[35m (11.0ms)[0m  [1m[35mCREATE TABLE "schema_migrations" ("version" varchar NOT NULL PRIMARY KEY)[0m
  [1m[35m (8.0ms)[0m  [1m[35mCREATE TABLE "ar_internal_metadata" ("key" varchar NOT NULL PRIMARY KEY, "value" varchar, "created_at" datetime NOT NULL, "updated_at" datetime NOT NULL)[0m
  [1m[35m (0.0ms)[0m  [1m[34mSELECT "schema_migrations"."version" FROM "schema_migrations" ORDER BY "schema_migrations"."version" ASC[0m
Migrating to CreatePosts (20181008073347)
  [1m[35m (0.0ms)[0m  [1m[36mbegin transaction[0m
  [1m[35m (1.0ms)[0m  [1m[35mCREATE TABLE "posts" ("id" INTEGER PRIMARY KEY AUTOINCREMENT NOT NULL, "name" varchar, "memo" text, "created_at" datetime NOT NULL, "updated_at" datetime NOT NULL)[0m
  [1m[35mSQL (0.0ms)[0m  [1m[32mINSERT INTO "schema_migrations" ("version") VALUES (?)[0m  [["version", "20181008073347"]]
  [1m[35m (17.0ms)[0m  [1m[36mcommit transaction[0m
  [1m[36mActiveRecord::InternalMetadata Load (0.0ms)[0m  [1m[34mSELECT  "ar_internal_metadata".* FROM "ar_internal_metadata" WHERE "ar_internal_metadata"."key" = ? LIMIT ?[0m  [["key", "environment"], ["LIMIT", 1]]
  [1m[35m (0.0ms)[0m  [1m[36mbegin transaction[0m
  [1m[35mSQL (1.0ms)[0m  [1m[32mINSERT INTO "ar_internal_metadata" ("key", "value", "created_at", "updated_at") VALUES (?, ?, ?, ?)[0m  [["key", "environment"], ["value", "development"], ["created_at", "2018-10-08 07:34:05.037720"], ["updated_at", "2018-10-08 07:34:05.037720"]]
  [1m[35m (2.0ms)[0m  [1m[36mcommit transaction[0m
  [1m[35m (0.0ms)[0m  [1m[34mSELECT "schema_migrations"."version" FROM "schema_migrations" ORDER BY "schema_migrations"."version" ASC[0m
Started GET "/" for 127.0.0.1 at 2018-10-08 16:36:55 +0900
  [1m[35m (0.0ms)[0m  [1m[34mSELECT "schema_migrations"."version" FROM "schema_migrations" ORDER BY "schema_migrations"."version" ASC[0m
Processing by Rails::WelcomeController#index as HTML
  Rendering C:/RailsInstaller/Ruby2.3.3/lib/ruby/gems/2.3.0/gems/railties-5.1.6/lib/rails/templates/rails/welcome/index.html.erb
  Rendered C:/RailsInstaller/Ruby2.3.3/lib/ruby/gems/2.3.0/gems/railties-5.1.6/lib/rails/templates/rails/welcome/index.html.erb (15.0ms)
Completed 200 OK in 250ms (Views: 152.9ms | ActiveRecord: 0.0ms)


Started GET "/posts" for 127.0.0.1 at 2018-10-08 16:37:04 +0900
Processing by PostsController#index as HTML
  Rendering posts/index.html.erb within layouts/application
  [1m[36mPost Load (0.0ms)[0m  [1m[34mSELECT "posts".* FROM "posts"[0m
  Rendered posts/index.html.erb within layouts/application (9.0ms)
Completed 200 OK in 6281ms (Views: 6213.2ms | ActiveRecord: 1.0ms)


Started GET "/posts" for 127.0.0.1 at 2018-10-08 16:41:50 +0900
Processing by PostsController#index as HTML
  Rendering posts/index.html.erb within layouts/application
  [1m[36mPost Load (0.0ms)[0m  [1m[34mSELECT "posts".* FROM "posts"[0m
  Rendered posts/index.html.erb within layouts/application (4.0ms)
Completed 200 OK in 244ms (Views: 221.4ms | ActiveRecord: 0.0ms)


Started GET "/posts" for 127.0.0.1 at 2018-10-08 16:46:04 +0900
Processing by PostsController#index as HTML
  Rendering posts/index.html.erb within layouts/application
  [1m[36mPost Load (1.0ms)[0m  [1m[34mSELECT "posts".* FROM "posts"[0m
  Rendered posts/index.html.erb within layouts/application (4.0ms)
Completed 200 OK in 227ms (Views: 198.5ms | ActiveRecord: 1.0ms)


Started GET "/posts" for 127.0.0.1 at 2018-10-08 16:51:07 +0900
Processing by PostsController#index as HTML
  Rendering posts/index.html.erb within layouts/application
  [1m[36mPost Load (0.0ms)[0m  [1m[34mSELECT "posts".* FROM "posts"[0m
  Rendered posts/index.html.erb within layouts/application (4.0ms)
Completed 200 OK in 218ms (Views: 191.3ms | ActiveRecord: 0.0ms)


Started GET "/posts" for 127.0.0.1 at 2018-10-08 16:52:07 +0900
Processing by PostsController#index as HTML
  Rendering posts/index.html.erb within layouts/application
  [1m[36mPost Load (0.0ms)[0m  [1m[34mSELECT "posts".* FROM "posts"[0m
  Rendered posts/index.html.erb within layouts/application (4.0ms)
Completed 200 OK in 330ms (Views: 300.6ms | ActiveRecord: 0.0ms)


Started GET "/posts" for 127.0.0.1 at 2018-10-08 16:56:47 +0900
Processing by PostsController#index as HTML
  Rendering posts/index.html.erb within layouts/application
  [1m[36mPost Load (1.0ms)[0m  [1m[34mSELECT "posts".* FROM "posts"[0m
  Rendered posts/index.html.erb within layouts/application (4.0ms)
Completed 200 OK in 295ms (Views: 255.5ms | ActiveRecord: 1.0ms)


Started GET "/posts" for 127.0.0.1 at 2018-10-08 17:00:01 +0900
Processing by PostsController#index as HTML
  Rendering posts/index.html.erb within layouts/application
  [1m[36mPost Load (0.0ms)[0m  [1m[34mSELECT "posts".* FROM "posts"[0m
  Rendered posts/index.html.erb within layouts/application (2.0ms)
Completed 200 OK in 199ms (Views: 174.3ms | ActiveRecord: 0.0ms)


Started GET "/posts/new" for 127.0.0.1 at 2018-10-08 17:00:13 +0900
Processing by PostsController#new as HTML
  Rendering posts/new.html.erb within layouts/application
  Rendered posts/_form.html.erb (187.0ms)
  Rendered posts/new.html.erb within layouts/application (213.0ms)
Completed 200 OK in 426ms (Views: 380.6ms | ActiveRecord: 1.0ms)


Started GET "/posts/image01.jpg" for 127.0.0.1 at 2018-10-08 17:00:14 +0900
Started GET "/posts/image03.jpg" for 127.0.0.1 at 2018-10-08 17:00:14 +0900
Started GET "/posts/image02.jpg" for 127.0.0.1 at 2018-10-08 17:00:14 +0900
Processing by PostsController#show as JPEG
Processing by PostsController#show as JPEG
Processing by PostsController#show as JPEG
  Parameters: {"id"=>"image01"}
  Parameters: {"id"=>"image03"}
  Parameters: {"id"=>"image02"}
  [1m[36mPost Load (1.0ms)[0m  [1m[34mSELECT  "posts".* FROM "posts" WHERE "posts"."id" = ? LIMIT ?[0m  [["id", 0], ["LIMIT", 1]]
  [1m[36mPost Load (0.0ms)[0m  [1m[34mSELECT  "posts".* FROM "posts" WHERE "posts"."id" = ? LIMIT ?[0m  [["id", 0], ["LIMIT", 1]]
  [1m[36mPost Load (2.0ms)[0m  [1m[34mSELECT  "posts".* FROM "posts" WHERE "posts"."id" = ? LIMIT ?[0m  [["id", 0], ["LIMIT", 1]]
Completed 404 Not Found in 36ms (ActiveRecord: 1.0ms)


Completed 404 Not Found in 21ms (ActiveRecord: 0.0ms)


Completed 404 Not Found in 15ms (ActiveRecord: 3.0ms)


  
  
  
ActiveRecord::RecordNotFound (Couldn't find Post with 'id'=image01):
ActiveRecord::RecordNotFound (Couldn't find Post with 'id'=image03):
ActiveRecord::RecordNotFound (Couldn't find Post with 'id'=image02):
  
  
  
app/controllers/posts_controller.rb:67:in `set_post'
app/controllers/posts_controller.rb:67:in `set_post'
app/controllers/posts_controller.rb:67:in `set_post'
Started GET "/posts/image04.jpg" for 127.0.0.1 at 2018-10-08 17:00:14 +0900
Processing by PostsController#show as JPEG
  Parameters: {"id"=>"image04"}
  [1m[36mPost Load (1.0ms)[0m  [1m[34mSELECT  "posts".* FROM "posts" WHERE "posts"."id" = ? LIMIT ?[0m  [["id", 0], ["LIMIT", 1]]
Completed 404 Not Found in 5ms (ActiveRecord: 1.0ms)


  
ActiveRecord::RecordNotFound (Couldn't find Post with 'id'=image04):
  
app/controllers/posts_controller.rb:67:in `set_post'
Started GET "/posts/new" for 127.0.0.1 at 2018-10-08 17:01:44 +0900
Processing by PostsController#new as HTML
  Rendering posts/new.html.erb within layouts/application
  Rendered posts/_form.html.erb (7.0ms)
  Rendered posts/new.html.erb within layouts/application (33.0ms)
Completed 200 OK in 226ms (Views: 195.9ms | ActiveRecord: 0.0ms)


Started POST "/posts" for 127.0.0.1 at 2018-10-08 17:03:06 +0900
Processing by PostsController#create as HTML
  Parameters: {"utf8"=>"✓", "authenticity_token"=>"odkZSC2d3MWUN6cNIbmkcJl8MSOZ0tM1B8puJZbCgH5B/jjvTE3+PNkH1vxmrqOpyNX316b3k0/0Ym24czLi0g==", "post"=>{"name"=>"yamasaki", "memo"=>"from:kagawa"}, "commit"=>"Create Post"}
  [1m[35m (0.0ms)[0m  [1m[36mbegin transaction[0m
  [1m[35mSQL (1.0ms)[0m  [1m[32mINSERT INTO "posts" ("name", "memo", "created_at", "updated_at") VALUES (?, ?, ?, ?)[0m  [["name", "yamasaki"], ["memo", "from:kagawa"], ["created_at", "2018-10-08 08:03:06.672336"], ["updated_at", "2018-10-08 08:03:06.672336"]]
  [1m[35m (5.0ms)[0m  [1m[36mcommit transaction[0m
Redirected to http://localhost:3000/posts/1
Completed 302 Found in 12ms (ActiveRecord: 6.0ms)


Started GET "/posts/1" for 127.0.0.1 at 2018-10-08 17:03:06 +0900
Processing by PostsController#show as HTML
  Parameters: {"id"=>"1"}
  [1m[36mPost Load (1.0ms)[0m  [1m[34mSELECT  "posts".* FROM "posts" WHERE "posts"."id" = ? LIMIT ?[0m  [["id", 1], ["LIMIT", 1]]
  Rendering posts/show.html.erb within layouts/application
  Rendered posts/show.html.erb within layouts/application (2.0ms)
Completed 200 OK in 253ms (Views: 188.8ms | ActiveRecord: 1.0ms)


Started GET "/posts/1/edit" for 127.0.0.1 at 2018-10-08 17:03:09 +0900
Processing by PostsController#edit as HTML
  Parameters: {"id"=>"1"}
  [1m[36mPost Load (1.0ms)[0m  [1m[34mSELECT  "posts".* FROM "posts" WHERE "posts"."id" = ? LIMIT ?[0m  [["id", 1], ["LIMIT", 1]]
  Rendering posts/edit.html.erb within layouts/application
  Rendered posts/_form.html.erb (3.0ms)
  Rendered posts/edit.html.erb within layouts/application (23.0ms)
Completed 200 OK in 212ms (Views: 174.7ms | ActiveRecord: 1.0ms)


Started GET "/posts" for 127.0.0.1 at 2018-10-08 17:03:11 +0900
Processing by PostsController#index as HTML
  Rendering posts/index.html.erb within layouts/application
  [1m[36mPost Load (0.0ms)[0m  [1m[34mSELECT "posts".* FROM "posts"[0m
  Rendered posts/index.html.erb within layouts/application (2.0ms)
Completed 200 OK in 182ms (Views: 152.1ms | ActiveRecord: 0.0ms)


Started GET "/posts/new" for 127.0.0.1 at 2018-10-08 17:03:14 +0900
Processing by PostsController#new as HTML
  Rendering posts/new.html.erb within layouts/application
  Rendered posts/_form.html.erb (2.0ms)
  Rendered posts/new.html.erb within layouts/application (24.0ms)
Completed 200 OK in 229ms (Views: 208.7ms | ActiveRecord: 0.0ms)


Started POST "/posts" for 127.0.0.1 at 2018-10-08 17:03:28 +0900
Processing by PostsController#create as HTML
  Parameters: {"utf8"=>"✓", "authenticity_token"=>"cq3ZIxJGUxz2N8K3l77C6eIE/Ca32BfOE0Hb++z5TzegNZwqcoHCM6hysK5Fa1VOQ66t6od8laBiJ+MtyEdXdw==", "post"=>{"name"=>"tarou", "memo"=>"from:tokyo"}, "commit"=>"Create Post"}
  [1m[35m (0.0ms)[0m  [1m[36mbegin transaction[0m
  [1m[35mSQL (2.0ms)[0m  [1m[32mINSERT INTO "posts" ("name", "memo", "created_at", "updated_at") VALUES (?, ?, ?, ?)[0m  [["name", "tarou"], ["memo", "from:tokyo"], ["created_at", "2018-10-08 08:03:28.401578"], ["updated_at", "2018-10-08 08:03:28.401578"]]
  [1m[35m (5.0ms)[0m  [1m[36mcommit transaction[0m
Redirected to http://localhost:3000/posts/2
Completed 302 Found in 17ms (ActiveRecord: 7.0ms)


Started GET "/posts/2" for 127.0.0.1 at 2018-10-08 17:03:28 +0900
Processing by PostsController#show as HTML
  Parameters: {"id"=>"2"}
  [1m[36mPost Load (0.0ms)[0m  [1m[34mSELECT  "posts".* FROM "posts" WHERE "posts"."id" = ? LIMIT ?[0m  [["id", 2], ["LIMIT", 1]]
  Rendering posts/show.html.erb within layouts/application
  Rendered posts/show.html.erb within layouts/application (1.0ms)
Completed 200 OK in 209ms (Views: 172.0ms | ActiveRecord: 0.0ms)


Started GET "/posts" for 127.0.0.1 at 2018-10-08 17:03:31 +0900
Processing by PostsController#index as HTML
  Rendering posts/index.html.erb within layouts/application
  [1m[36mPost Load (1.0ms)[0m  [1m[34mSELECT "posts".* FROM "posts"[0m
  Rendered posts/index.html.erb within layouts/application (6.0ms)
Completed 200 OK in 219ms (Views: 194.1ms | ActiveRecord: 1.0ms)


Started GET "/posts/new" for 127.0.0.1 at 2018-10-08 17:03:33 +0900
Processing by PostsController#new as HTML
  Rendering posts/new.html.erb within layouts/application
  Rendered posts/_form.html.erb (3.0ms)
  Rendered posts/new.html.erb within layouts/application (22.0ms)
Completed 200 OK in 228ms (Views: 194.1ms | ActiveRecord: 0.0ms)


Started POST "/posts" for 127.0.0.1 at 2018-10-08 17:03:46 +0900
Processing by PostsController#create as HTML
  Parameters: {"utf8"=>"✓", "authenticity_token"=>"J30fDGRbQ7UzUy6uBCaVXDp7gM+WeLO2zETHvw0ZHNr15VoFBJzSmm0WXLfW8wL7m9HRA6bcMdi9Iv9pKacEmg==", "post"=>{"name"=>"yamada", "memo"=>"from:osaka"}, "commit"=>"Create Post"}
  [1m[35m (0.0ms)[0m  [1m[36mbegin transaction[0m
  [1m[35mSQL (2.0ms)[0m  [1m[32mINSERT INTO "posts" ("name", "memo", "created_at", "updated_at") VALUES (?, ?, ?, ?)[0m  [["name", "yamada"], ["memo", "from:osaka"], ["created_at", "2018-10-08 08:03:46.527615"], ["updated_at", "2018-10-08 08:03:46.527615"]]
  [1m[35m (328.0ms)[0m  [1m[36mcommit transaction[0m
Redirected to http://localhost:3000/posts/3
Completed 302 Found in 335ms (ActiveRecord: 330.0ms)


Started GET "/posts/3" for 127.0.0.1 at 2018-10-08 17:03:46 +0900
Processing by PostsController#show as HTML
  Parameters: {"id"=>"3"}
  [1m[36mPost Load (0.0ms)[0m  [1m[34mSELECT  "posts".* FROM "posts" WHERE "posts"."id" = ? LIMIT ?[0m  [["id", 3], ["LIMIT", 1]]
  Rendering posts/show.html.erb within layouts/application
  Rendered posts/show.html.erb within layouts/application (1.0ms)
Completed 200 OK in 218ms (Views: 191.8ms | ActiveRecord: 0.0ms)


Started GET "/posts" for 127.0.0.1 at 2018-10-08 17:03:50 +0900
Processing by PostsController#index as HTML
  Rendering posts/index.html.erb within layouts/application
  [1m[36mPost Load (1.0ms)[0m  [1m[34mSELECT "posts".* FROM "posts"[0m
  Rendered posts/index.html.erb within layouts/application (7.0ms)
Completed 200 OK in 205ms (Views: 183.0ms | ActiveRecord: 1.0ms)


Started GET "/posts" for 127.0.0.1 at 2018-10-08 17:06:21 +0900
Processing by PostsController#index as HTML
  Rendering posts/index.html.erb within layouts/application
  [1m[36mPost Load (0.0ms)[0m  [1m[34mSELECT "posts".* FROM "posts"[0m
  Rendered posts/index.html.erb within layouts/application (4.0ms)
Completed 200 OK in 233ms (Views: 195.8ms | ActiveRecord: 0.0ms)


Started GET "/posts" for 127.0.0.1 at 2018-10-08 17:07:59 +0900
Processing by PostsController#index as HTML
  Rendering posts/index.html.erb within layouts/application
  [1m[36mPost Load (0.0ms)[0m  [1m[34mSELECT "posts".* FROM "posts"[0m
  Rendered posts/index.html.erb within layouts/application (4.0ms)
Completed 200 OK in 209ms (Views: 180.7ms | ActiveRecord: 0.0ms)


Started GET "/posts" for 127.0.0.1 at 2018-10-08 17:09:56 +0900
Processing by PostsController#index as HTML
  Rendering posts/index.html.erb within layouts/application
  [1m[36mPost Load (1.0ms)[0m  [1m[34mSELECT "posts".* FROM "posts"[0m
  Rendered posts/index.html.erb within layouts/application (7.0ms)
Completed 200 OK in 212ms (Views: 188.4ms | ActiveRecord: 1.0ms)


Started GET "/posts" for 127.0.0.1 at 2018-10-08 17:12:03 +0900
Processing by PostsController#index as HTML
  Rendering posts/index.html.erb within layouts/application
  [1m[36mPost Load (0.0ms)[0m  [1m[34mSELECT "posts".* FROM "posts"[0m
  Rendered posts/index.html.erb within layouts/application (4.0ms)
Completed 200 OK in 195ms (Views: 166.0ms | ActiveRecord: 0.0ms)


Started GET "/posts" for 127.0.0.1 at 2018-10-08 17:13:10 +0900
Processing by PostsController#index as HTML
  Rendering posts/index.html.erb within layouts/application
  [1m[36mPost Load (0.0ms)[0m  [1m[34mSELECT "posts".* FROM "posts"[0m
  Rendered posts/index.html.erb within layouts/application (5.0ms)
Completed 200 OK in 212ms (Views: 183.5ms | ActiveRecord: 0.0ms)


Started GET "/posts" for 127.0.0.1 at 2018-10-08 17:14:35 +0900
Processing by PostsController#index as HTML
  Rendering posts/index.html.erb within layouts/application
  [1m[36mPost Load (1.0ms)[0m  [1m[34mSELECT "posts".* FROM "posts"[0m
  Rendered posts/index.html.erb within layouts/application (4.0ms)
Completed 200 OK in 211ms (Views: 182.9ms | ActiveRecord: 1.0ms)


Started GET "/posts" for 127.0.0.1 at 2018-10-08 17:15:38 +0900
Processing by PostsController#index as HTML
  Rendering posts/index.html.erb within layouts/application
  [1m[36mPost Load (1.0ms)[0m  [1m[34mSELECT "posts".* FROM "posts"[0m
  Rendered posts/index.html.erb within layouts/application (3.0ms)
Completed 200 OK in 197ms (Views: 175.4ms | ActiveRecord: 1.0ms)


Started GET "/posts" for 127.0.0.1 at 2018-10-08 17:16:16 +0900
Processing by PostsController#index as HTML
  Rendering posts/index.html.erb within layouts/application
  [1m[36mPost Load (1.0ms)[0m  [1m[34mSELECT "posts".* FROM "posts"[0m
  Rendered posts/index.html.erb within layouts/application (9.0ms)
Completed 200 OK in 215ms (Views: 187.2ms | ActiveRecord: 1.0ms)


Started GET "/posts" for 127.0.0.1 at 2018-10-08 17:16:58 +0900
Processing by PostsController#index as HTML
  Rendering posts/index.html.erb within layouts/application
  [1m[36mPost Load (1.0ms)[0m  [1m[34mSELECT "posts".* FROM "posts"[0m
  Rendered posts/index.html.erb within layouts/application (6.0ms)
Completed 200 OK in 198ms (Views: 177.4ms | ActiveRecord: 1.0ms)


Started GET "/posts" for 127.0.0.1 at 2018-10-08 17:17:32 +0900
Processing by PostsController#index as HTML
  Rendering posts/index.html.erb within layouts/application
  [1m[36mPost Load (1.0ms)[0m  [1m[34mSELECT "posts".* FROM "posts"[0m
  Rendered posts/index.html.erb within layouts/application (4.0ms)
Completed 200 OK in 198ms (Views: 164.3ms | ActiveRecord: 1.0ms)


Started GET "/posts" for 127.0.0.1 at 2018-10-08 17:19:27 +0900
Processing by PostsController#index as HTML
  Rendering posts/index.html.erb within layouts/application
  [1m[36mPost Load (0.0ms)[0m  [1m[34mSELECT "posts".* FROM "posts"[0m
  Rendered posts/index.html.erb within layouts/application (2.0ms)
Completed 200 OK in 187ms (Views: 158.8ms | ActiveRecord: 0.0ms)


Started GET "/posts/new" for 127.0.0.1 at 2018-10-08 17:19:54 +0900
Processing by PostsController#new as HTML
  Rendering posts/new.html.erb within layouts/application
  Rendered posts/_form.html.erb (2.0ms)
  Rendered posts/new.html.erb within layouts/application (28.0ms)
Completed 200 OK in 227ms (Views: 202.1ms | ActiveRecord: 0.0ms)


Started POST "/posts" for 127.0.0.1 at 2018-10-08 17:20:10 +0900
Processing by PostsController#create as HTML
  Parameters: {"utf8"=>"✓", "authenticity_token"=>"NS5V2T3MYKpmxbg0eoT8jLSWDk5wTSxYz9nfF2pu6ODnthDQXQvxhTiAyi2oUWsrFTxfgkDprja+v+fBTtDwoA==", "post"=>{"name"=>"suzuki", "memo"=>"from:gihu"}, "commit"=>"Create Post"}
  [1m[35m (0.0ms)[0m  [1m[36mbegin transaction[0m
  [1m[35mSQL (1.0ms)[0m  [1m[32mINSERT INTO "posts" ("name", "memo", "created_at", "updated_at") VALUES (?, ?, ?, ?)[0m  [["name", "suzuki"], ["memo", "from:gihu"], ["created_at", "2018-10-08 08:20:10.475894"], ["updated_at", "2018-10-08 08:20:10.475894"]]
  [1m[35m (5.0ms)[0m  [1m[36mcommit transaction[0m
Redirected to http://localhost:3000/posts/4
Completed 302 Found in 19ms (ActiveRecord: 6.0ms)


Started GET "/posts/4" for 127.0.0.1 at 2018-10-08 17:20:10 +0900
Processing by PostsController#show as HTML
  Parameters: {"id"=>"4"}
  [1m[36mPost Load (0.0ms)[0m  [1m[34mSELECT  "posts".* FROM "posts" WHERE "posts"."id" = ? LIMIT ?[0m  [["id", 4], ["LIMIT", 1]]
  Rendering posts/show.html.erb within layouts/application
  Rendered posts/show.html.erb within layouts/application (1.0ms)
Completed 200 OK in 216ms (Views: 175.0ms | ActiveRecord: 0.0ms)


Started GET "/posts" for 127.0.0.1 at 2018-10-08 17:20:14 +0900
Processing by PostsController#index as HTML
  Rendering posts/index.html.erb within layouts/application
  [1m[36mPost Load (0.0ms)[0m  [1m[34mSELECT "posts".* FROM "posts"[0m
  Rendered posts/index.html.erb within layouts/application (2.0ms)
Completed 200 OK in 180ms (Views: 153.4ms | ActiveRecord: 0.0ms)


Started GET "/posts" for 127.0.0.1 at 2018-10-08 17:24:00 +0900
Processing by PostsController#index as HTML
  Rendering posts/index.html.erb within layouts/application
  [1m[36mPost Load (1.0ms)[0m  [1m[34mSELECT "posts".* FROM "posts"[0m
  Rendered posts/index.html.erb within layouts/application (5.0ms)
Completed 200 OK in 205ms (Views: 170.8ms | ActiveRecord: 1.0ms)


Started GET "/posts" for 127.0.0.1 at 2018-10-08 17:28:34 +0900
Processing by PostsController#index as HTML
  Rendering posts/index.html.erb within layouts/application
  [1m[36mPost Load (0.0ms)[0m  [1m[34mSELECT "posts".* FROM "posts"[0m
  Rendered posts/index.html.erb within layouts/application (4.0ms)
Completed 200 OK in 213ms (Views: 189.0ms | ActiveRecord: 0.0ms)


Started GET "/posts" for 127.0.0.1 at 2018-10-08 17:31:34 +0900
Processing by PostsController#index as HTML
  Rendering posts/index.html.erb within layouts/application
  [1m[36mPost Load (0.0ms)[0m  [1m[34mSELECT "posts".* FROM "posts"[0m
  Rendered posts/index.html.erb within layouts/application (2.0ms)
Completed 200 OK in 220ms (Views: 199.8ms | ActiveRecord: 0.0ms)


Started GET "/posts/new" for 127.0.0.1 at 2018-10-08 17:31:38 +0900
Processing by PostsController#new as HTML
  Rendering posts/new.html.erb within layouts/application
  Rendered posts/_form.html.erb (3.0ms)
  Rendered posts/new.html.erb within layouts/application (23.0ms)
Completed 200 OK in 238ms (Views: 209.8ms | ActiveRecord: 0.0ms)


Started GET "/posts/new" for 127.0.0.1 at 2018-10-08 17:33:53 +0900
Processing by PostsController#new as HTML
  Rendering posts/new.html.erb within layouts/application
  Rendered posts/_form.html.erb (4.0ms)
  Rendered posts/new.html.erb within layouts/application (33.0ms)
Completed 200 OK in 226ms (Views: 206.1ms | ActiveRecord: 0.0ms)


Started GET "/posts/new" for 127.0.0.1 at 2018-10-08 17:35:01 +0900
Processing by PostsController#new as HTML
  Rendering posts/new.html.erb within layouts/application
  Rendered posts/_form.html.erb (3.0ms)
  Rendered posts/new.html.erb within layouts/application (23.0ms)
Completed 200 OK in 228ms (Views: 201.8ms | ActiveRecord: 0.0ms)


Started GET "/posts/new" for 127.0.0.1 at 2018-10-08 17:36:58 +0900
Processing by PostsController#new as HTML
  Rendering posts/new.html.erb within layouts/application
  Rendered posts/_form.html.erb (3.0ms)
  Rendered posts/new.html.erb within layouts/application (24.0ms)
Completed 200 OK in 242ms (Views: 221.1ms | ActiveRecord: 0.0ms)


Started GET "/posts/new" for 127.0.0.1 at 2018-10-08 17:37:33 +0900
Processing by PostsController#new as HTML
  Rendering posts/new.html.erb within layouts/application
  Rendered posts/_form.html.erb (3.0ms)
  Rendered posts/new.html.erb within layouts/application (23.0ms)
Completed 200 OK in 241ms (Views: 207.7ms | ActiveRecord: 0.0ms)


Started GET "/posts/new" for 127.0.0.1 at 2018-10-08 17:37:48 +0900
Processing by PostsController#new as HTML
  Rendering posts/new.html.erb within layouts/application
  Rendered posts/_form.html.erb (3.0ms)
  Rendered posts/new.html.erb within layouts/application (33.0ms)
Completed 200 OK in 237ms (Views: 217.0ms | ActiveRecord: 0.0ms)


Started GET "/posts/new" for 127.0.0.1 at 2018-10-08 17:38:01 +0900
Processing by PostsController#new as HTML
  Rendering posts/new.html.erb within layouts/application
  Rendered posts/_form.html.erb (3.0ms)
  Rendered posts/new.html.erb within layouts/application (22.0ms)
Completed 200 OK in 221ms (Views: 192.1ms | ActiveRecord: 0.0ms)


Started GET "/posts" for 127.0.0.1 at 2018-10-08 17:38:18 +0900
Processing by PostsController#index as HTML
  Rendering posts/index.html.erb within layouts/application
  [1m[36mPost Load (0.0ms)[0m  [1m[34mSELECT "posts".* FROM "posts"[0m
  Rendered posts/index.html.erb within layouts/application (2.0ms)
Completed 200 OK in 198ms (Views: 175.2ms | ActiveRecord: 0.0ms)


Started GET "/posts" for 127.0.0.1 at 2018-10-08 17:39:22 +0900
Processing by PostsController#index as HTML
  Rendering posts/index.html.erb within layouts/application
  [1m[36mPost Load (0.0ms)[0m  [1m[34mSELECT "posts".* FROM "posts"[0m
  Rendered posts/index.html.erb within layouts/application (2.0ms)
Completed 200 OK in 204ms (Views: 179.2ms | ActiveRecord: 0.0ms)


Started GET "/posts/new" for 127.0.0.1 at 2018-10-08 17:39:41 +0900
Processing by PostsController#new as HTML
  Rendering posts/new.html.erb within layouts/application
  Rendered posts/_form.html.erb (3.0ms)
  Rendered posts/new.html.erb within layouts/application (21.0ms)
Completed 200 OK in 205ms (Views: 183.1ms | ActiveRecord: 0.0ms)


Started POST "/posts" for 127.0.0.1 at 2018-10-08 17:40:09 +0900
Processing by PostsController#create as HTML
  Parameters: {"utf8"=>"✓", "authenticity_token"=>"nIH37WHJapvkOjtIg8pEj/hCCl4LLgRgiXg9dlWFVTROGbLkAQ77tLp/SVFRH9MoWehbkjuKhg74HgWgcTtNdA==", "post"=>{"name"=>"tanaka", "memo"=>"テキストテキストテキストテキストテキストテキストテキストテキストテキストテキストテキストテキストテキストテキストテキストテキストテキストテキストテキストテキストテキストテキストテキストテキストテキストテキストテキストテキストテキストテキストテキストテキストテキストテキストテキストテキストテキストテキストテキストテキストテキストテキストテキストテキストテキストテキストテキストテキストテキストテキストテキストテキストテキストテキストテキストテキストテキストテキスト"}, "commit"=>"Create Post"}
  [1m[35m (0.0ms)[0m  [1m[36mbegin transaction[0m
  [1m[35mSQL (4.0ms)[0m  [1m[32mINSERT INTO "posts" ("name", "memo", "created_at", "updated_at") VALUES (?, ?, ?, ?)[0m  [["name", "tanaka"], ["memo", "テキストテキストテキストテキストテキストテキストテキストテキストテキストテキストテキストテキストテキストテキストテキストテキストテキストテキストテキストテキストテキストテキストテキストテキストテキストテキストテキストテキストテキストテキストテキストテキストテキストテキストテキストテキストテキストテキストテキストテキストテキストテキストテキストテキストテキストテキストテキストテキストテキストテキストテキストテキストテキストテキストテキストテキストテキストテキスト"], ["created_at", "2018-10-08 08:40:10.041505"], ["updated_at", "2018-10-08 08:40:10.041505"]]
  [1m[35m (8.0ms)[0m  [1m[36mcommit transaction[0m
Redirected to http://localhost:3000/posts/5
Completed 302 Found in 29ms (ActiveRecord: 12.0ms)


Started GET "/posts/5" for 127.0.0.1 at 2018-10-08 17:40:10 +0900
Processing by PostsController#show as HTML
  Parameters: {"id"=>"5"}
  [1m[36mPost Load (0.0ms)[0m  [1m[34mSELECT  "posts".* FROM "posts" WHERE "posts"."id" = ? LIMIT ?[0m  [["id", 5], ["LIMIT", 1]]
  Rendering posts/show.html.erb within layouts/application
  Rendered posts/show.html.erb within layouts/application (1.0ms)
Completed 200 OK in 202ms (Views: 179.2ms | ActiveRecord: 0.0ms)


Started GET "/posts" for 127.0.0.1 at 2018-10-08 17:40:24 +0900
Processing by PostsController#index as HTML
  Rendering posts/index.html.erb within layouts/application
  [1m[36mPost Load (0.0ms)[0m  [1m[34mSELECT "posts".* FROM "posts"[0m
  Rendered posts/index.html.erb within layouts/application (2.0ms)
Completed 200 OK in 186ms (Views: 165.3ms | ActiveRecord: 0.0ms)


Started GET "/posts/1/edit" for 127.0.0.1 at 2018-10-08 17:44:18 +0900
Processing by PostsController#edit as HTML
  Parameters: {"id"=>"1"}
  [1m[36mPost Load (0.0ms)[0m  [1m[34mSELECT  "posts".* FROM "posts" WHERE "posts"."id" = ? LIMIT ?[0m  [["id", 1], ["LIMIT", 1]]
  Rendering posts/edit.html.erb within layouts/application
  Rendered posts/_form.html.erb (3.0ms)
  Rendered posts/edit.html.erb within layouts/application (24.0ms)
Completed 200 OK in 248ms (Views: 219.3ms | ActiveRecord: 0.0ms)


Started PATCH "/posts/1" for 127.0.0.1 at 2018-10-08 17:44:31 +0900
Processing by PostsController#update as HTML
  Parameters: {"utf8"=>"✓", "authenticity_token"=>"K5u5r0Bnv9cXT6qeCHc4qp/K+I+p5GakXSME2jmwY17LvJgIIbedLlp/229PYD9zzmM+e5bBJt6uiwdH3EAB8g==", "post"=>{"name"=>"yamasaki", "memo"=>"テキストテキストテキストテキストテキストテキストテキストテキストテキストテキストテキストテキストテキストテキストテキストテキストテキストテキストテキストテキストテキストテキストテキストテキストテキストテキストテキストテキストテキストテキストテキストテキストテキストテキストテキストテキストテキストテキストテキストテキストテキストテキストテキストテキストテキストテキストテキストテキストテキストテキストテキストテキストテキストテキストテキストテキストテキストテキスト"}, "commit"=>"Update Post", "id"=>"1"}
  [1m[36mPost Load (0.0ms)[0m  [1m[34mSELECT  "posts".* FROM "posts" WHERE "posts"."id" = ? LIMIT ?[0m  [["id", 1], ["LIMIT", 1]]
  [1m[35m (0.0ms)[0m  [1m[36mbegin transaction[0m
  [1m[35mSQL (1.0ms)[0m  [1m[33mUPDATE "posts" SET "memo" = ?, "updated_at" = ? WHERE "posts"."id" = ?[0m  [["memo", "テキストテキストテキストテキストテキストテキストテキストテキストテキストテキストテキストテキストテキストテキストテキストテキストテキストテキストテキストテキストテキストテキストテキストテキストテキストテキストテキストテキストテキストテキストテキストテキストテキストテキストテキストテキストテキストテキストテキストテキストテキストテキストテキストテキストテキストテキストテキストテキストテキストテキストテキストテキストテキストテキストテキストテキストテキストテキスト"], ["updated_at", "2018-10-08 08:44:31.577464"], ["id", 1]]
  [1m[35m (924.1ms)[0m  [1m[36mcommit transaction[0m
Redirected to http://localhost:3000/posts/1
Completed 302 Found in 934ms (ActiveRecord: 925.1ms)


Started GET "/posts/1" for 127.0.0.1 at 2018-10-08 17:44:32 +0900
Processing by PostsController#show as HTML
  Parameters: {"id"=>"1"}
  [1m[36mPost Load (0.0ms)[0m  [1m[34mSELECT  "posts".* FROM "posts" WHERE "posts"."id" = ? LIMIT ?[0m  [["id", 1], ["LIMIT", 1]]
  Rendering posts/show.html.erb within layouts/application
  Rendered posts/show.html.erb within layouts/application (2.0ms)
Completed 200 OK in 463ms (Views: 429.5ms | ActiveRecord: 0.0ms)


Started GET "/posts" for 127.0.0.1 at 2018-10-08 17:44:38 +0900
Processing by PostsController#index as HTML
  Rendering posts/index.html.erb within layouts/application
  [1m[36mPost Load (0.0ms)[0m  [1m[34mSELECT "posts".* FROM "posts"[0m
  Rendered posts/index.html.erb within layouts/application (2.0ms)
Completed 200 OK in 204ms (Views: 173.2ms | ActiveRecord: 0.0ms)


Started GET "/posts" for 127.0.0.1 at 2018-10-08 17:47:29 +0900
Processing by PostsController#index as HTML
  Rendering posts/index.html.erb within layouts/application
  [1m[36mPost Load (1.0ms)[0m  [1m[34mSELECT "posts".* FROM "posts"[0m
  Rendered posts/index.html.erb within layouts/application (3.0ms)
Completed 200 OK in 213ms (Views: 183.9ms | ActiveRecord: 1.0ms)


Started GET "/posts/1" for 127.0.0.1 at 2018-10-08 17:47:38 +0900
Processing by PostsController#show as HTML
  Parameters: {"id"=>"1"}
  [1m[36mPost Load (0.0ms)[0m  [1m[34mSELECT  "posts".* FROM "posts" WHERE "posts"."id" = ? LIMIT ?[0m  [["id", 1], ["LIMIT", 1]]
  Rendering posts/show.html.erb within layouts/application
  Rendered posts/show.html.erb within layouts/application (2.0ms)
Completed 200 OK in 208ms (Views: 164.6ms | ActiveRecord: 0.0ms)


Started GET "/posts/1" for 127.0.0.1 at 2018-10-08 17:48:08 +0900
Processing by PostsController#show as HTML
  Parameters: {"id"=>"1"}
  [1m[36mPost Load (1.0ms)[0m  [1m[34mSELECT  "posts".* FROM "posts" WHERE "posts"."id" = ? LIMIT ?[0m  [["id", 1], ["LIMIT", 1]]
  Rendering posts/show.html.erb within layouts/application
  Rendered posts/show.html.erb within layouts/application (1.0ms)
Completed 200 OK in 198ms (Views: 177.3ms | ActiveRecord: 1.0ms)


Started GET "/posts/1/edit" for 127.0.0.1 at 2018-10-08 17:48:16 +0900
Processing by PostsController#edit as HTML
  Parameters: {"id"=>"1"}
  [1m[36mPost Load (0.0ms)[0m  [1m[34mSELECT  "posts".* FROM "posts" WHERE "posts"."id" = ? LIMIT ?[0m  [["id", 1], ["LIMIT", 1]]
  Rendering posts/edit.html.erb within layouts/application
  Rendered posts/_form.html.erb (3.0ms)
  Rendered posts/edit.html.erb within layouts/application (26.0ms)
Completed 200 OK in 211ms (Views: 188.0ms | ActiveRecord: 0.0ms)


Started GET "/posts/1/edit" for 127.0.0.1 at 2018-10-08 17:49:10 +0900
Processing by PostsController#edit as HTML
  Parameters: {"id"=>"1"}
  [1m[36mPost Load (1.0ms)[0m  [1m[34mSELECT  "posts".* FROM "posts" WHERE "posts"."id" = ? LIMIT ?[0m  [["id", 1], ["LIMIT", 1]]
  Rendering posts/edit.html.erb within layouts/application
  Rendered posts/_form.html.erb (2.0ms)
  Rendered posts/edit.html.erb within layouts/application (23.0ms)
Completed 200 OK in 233ms (Views: 198.6ms | ActiveRecord: 1.0ms)


Started GET "/posts/1/edit" for 127.0.0.1 at 2018-10-08 17:51:46 +0900
Processing by PostsController#edit as HTML
  Parameters: {"id"=>"1"}
  [1m[36mPost Load (0.0ms)[0m  [1m[34mSELECT  "posts".* FROM "posts" WHERE "posts"."id" = ? LIMIT ?[0m  [["id", 1], ["LIMIT", 1]]
  Rendering posts/edit.html.erb within layouts/application
  Rendered posts/_form.html.erb (2.0ms)
  Rendered posts/edit.html.erb within layouts/application (27.0ms)
Completed 200 OK in 233ms (Views: 198.8ms | ActiveRecord: 0.0ms)


Started GET "/posts/1/edit" for 127.0.0.1 at 2018-10-08 17:53:37 +0900
Processing by PostsController#edit as HTML
  Parameters: {"id"=>"1"}
  [1m[36mPost Load (1.0ms)[0m  [1m[34mSELECT  "posts".* FROM "posts" WHERE "posts"."id" = ? LIMIT ?[0m  [["id", 1], ["LIMIT", 1]]
  Rendering posts/edit.html.erb within layouts/application
  Rendered posts/_form.html.erb (3.0ms)
  Rendered posts/edit.html.erb within layouts/application (24.0ms)
Completed 200 OK in 231ms (Views: 204.4ms | ActiveRecord: 1.0ms)


Started GET "/posts/new" for 127.0.0.1 at 2018-10-08 17:53:58 +0900
Processing by PostsController#new as HTML
  Rendering posts/new.html.erb within layouts/application
  Rendered posts/_form.html.erb (6.0ms)
  Rendered posts/new.html.erb within layouts/application (27.0ms)
Completed 200 OK in 222ms (Views: 196.9ms | ActiveRecord: 0.0ms)


Started GET "/posts/new" for 127.0.0.1 at 2018-10-08 17:55:33 +0900
Processing by PostsController#new as HTML
  Rendering posts/new.html.erb within layouts/application
  Rendered posts/_form.html.erb (2.0ms)
  Rendered posts/new.html.erb within layouts/application (29.0ms)
Completed 200 OK in 239ms (Views: 214.5ms | ActiveRecord: 0.0ms)


Started GET "/posts/new" for 127.0.0.1 at 2018-10-08 18:00:20 +0900
Processing by PostsController#new as HTML
  Rendering posts/new.html.erb within layouts/application
  Rendered posts/_form.html.erb (6.0ms)
  Rendered posts/new.html.erb within layouts/application (31.0ms)
  Rendered layouts/_header.html.erb (2.0ms)
Completed 200 OK in 273ms (Views: 250.8ms | ActiveRecord: 0.0ms)


Started GET "/posts/new" for 127.0.0.1 at 2018-10-08 18:00:25 +0900
Processing by PostsController#new as HTML
  Rendering posts/new.html.erb within layouts/application
  Rendered posts/_form.html.erb (3.0ms)
  Rendered posts/new.html.erb within layouts/application (26.0ms)
  Rendered layouts/_header.html.erb (0.0ms)
Completed 200 OK in 256ms (Views: 226.5ms | ActiveRecord: 0.0ms)


Started GET "/posts/new" for 127.0.0.1 at 2018-10-08 18:00:27 +0900
Processing by PostsController#new as HTML
  Rendering posts/new.html.erb within layouts/application
  Rendered posts/_form.html.erb (2.0ms)
  Rendered posts/new.html.erb within layouts/application (28.0ms)
  Rendered layouts/_header.html.erb (1.0ms)
Completed 200 OK in 318ms (Views: 296.8ms | ActiveRecord: 0.0ms)


Started GET "/posts" for 127.0.0.1 at 2018-10-08 18:00:31 +0900
Processing by PostsController#index as HTML
  Rendering posts/index.html.erb within layouts/application
  [1m[36mPost Load (0.0ms)[0m  [1m[34mSELECT "posts".* FROM "posts"[0m
  Rendered posts/index.html.erb within layouts/application (2.0ms)
  Rendered layouts/_header.html.erb (1.0ms)
Completed 200 OK in 217ms (Views: 182.1ms | ActiveRecord: 0.0ms)


Started GET "/posts" for 127.0.0.1 at 2018-10-08 18:05:45 +0900
Processing by PostsController#index as HTML
  Rendering posts/index.html.erb within layouts/application
  [1m[36mPost Load (0.0ms)[0m  [1m[34mSELECT "posts".* FROM "posts"[0m
  Rendered posts/index.html.erb within layouts/application (5.0ms)
  Rendered layouts/_header.html.erb (1.0ms)
Completed 500 Internal Server Error in 260ms (ActiveRecord: 0.0ms)


  
ActionView::Template::Error (Missing partial layauts/_slider with {:locale=>[:en], :formats=>[:html], :variants=>[], :handlers=>[:raw, :erb, :html, :builder, :ruby, :coffee, :jbuilder]}. Searched in:
  * "C:/Users/Owner/Desktop/bootstrap_app/app/views"
):
    18: 
    19:   <body>
    20:     <%= render partial: 'layouts/header' %>
    21:     <%= render partial: 'layauts/slider' %>
    22:     <div class="container-fluid">
    23:       <div class="row">
    24:         <%= yield %>
  
app/views/layouts/application.html.erb:21:in `_app_views_layouts_application_html_erb__468301416_91537344'
Started GET "/posts" for 127.0.0.1 at 2018-10-08 18:06:09 +0900
Processing by PostsController#index as HTML
  Rendering posts/index.html.erb within layouts/application
  [1m[36mPost Load (1.0ms)[0m  [1m[34mSELECT "posts".* FROM "posts"[0m
  Rendered posts/index.html.erb within layouts/application (5.0ms)
  Rendered layouts/_header.html.erb (0.0ms)
  Rendered layouts/_slider.html.erb (0.0ms)
Completed 200 OK in 230ms (Views: 201.6ms | ActiveRecord: 1.0ms)


Started GET "/posts" for 127.0.0.1 at 2018-10-08 18:09:38 +0900
Processing by PostsController#index as HTML
  Rendering posts/index.html.erb within layouts/application
  [1m[36mPost Load (0.0ms)[0m  [1m[34mSELECT "posts".* FROM "posts"[0m
  Rendered posts/index.html.erb within layouts/application (2.0ms)
  Rendered layouts/_header.html.erb (1.0ms)
  Rendered layouts/_slider.html.erb (1.0ms)
  Rendered layouts/_bnr.html.erb (0.0ms)
  Rendered layouts/_modal.html.erb (1.0ms)
Completed 200 OK in 276ms (Views: 252.4ms | ActiveRecord: 0.0ms)


Started GET "/posts/1" for 127.0.0.1 at 2018-10-08 18:12:07 +0900
Processing by PostsController#show as HTML
  Parameters: {"id"=>"1"}
  [1m[36mPost Load (1.0ms)[0m  [1m[34mSELECT  "posts".* FROM "posts" WHERE "posts"."id" = ? LIMIT ?[0m  [["id", 1], ["LIMIT", 1]]
  Rendering posts/show.html.erb within layouts/application
  Rendered posts/show.html.erb within layouts/application (1.0ms)
  Rendered layouts/_header.html.erb (1.0ms)
  Rendered layouts/_slider.html.erb (1.0ms)
  Rendered layouts/_bnr.html.erb (0.0ms)
  Rendered layouts/_modal.html.erb (0.0ms)
Completed 200 OK in 287ms (Views: 254.3ms | ActiveRecord: 1.0ms)


Started GET "/posts/1" for 127.0.0.1 at 2018-10-08 18:15:52 +0900
Processing by PostsController#show as HTML
  Parameters: {"id"=>"1"}
  [1m[36mPost Load (0.0ms)[0m  [1m[34mSELECT  "posts".* FROM "posts" WHERE "posts"."id" = ? LIMIT ?[0m  [["id", 1], ["LIMIT", 1]]
  Rendering posts/show.html.erb within layouts/application
  Rendered layouts/_breadcrumb.html.erb (1.0ms)
  Rendered posts/show.html.erb within layouts/application (20.0ms)
  Rendered layouts/_header.html.erb (1.0ms)
  Rendered layouts/_slider.html.erb (1.0ms)
  Rendered layouts/_bnr.html.erb (0.0ms)
  Rendered layouts/_modal.html.erb (1.0ms)
Completed 200 OK in 312ms (Views: 280.4ms | ActiveRecord: 0.0ms)


Started GET "/posts/1/edit" for 127.0.0.1 at 2018-10-08 18:17:38 +0900
Processing by PostsController#edit as HTML
  Parameters: {"id"=>"1"}
  [1m[36mPost Load (1.0ms)[0m  [1m[34mSELECT  "posts".* FROM "posts" WHERE "posts"."id" = ? LIMIT ?[0m  [["id", 1], ["LIMIT", 1]]
  Rendering posts/edit.html.erb within layouts/application
  Rendered layouts/_breadcrumb.html.erb (0.0ms)
  Rendered posts/_form.html.erb (4.0ms)
  Rendered posts/edit.html.erb within layouts/application (43.0ms)
  Rendered layouts/_header.html.erb (0.0ms)
  Rendered layouts/_slider.html.erb (1.0ms)
  Rendered layouts/_bnr.html.erb (1.0ms)
  Rendered layouts/_modal.html.erb (0.0ms)
Completed 200 OK in 314ms (Views: 286.4ms | ActiveRecord: 1.0ms)


